[2024-02-01 20:30:10] [error] [/ctrl/pages/admin] [error] 'Mb_paneladmin' component class not declared.
.
[2024-02-01 21:51:21] [error] [/ctrl/pages/admin] [error] 'Mb_paneladmin' component class not declared.
.
[2024-02-01 21:51:49] [error] [/ctrl/pages/admin] [error] 'Mb_paneladmin' component class not declared.
.
[2024-02-01 21:51:49] [error] [/ctrl/pages/admin] [error] 'Mb_paneladmin' component class not declared.
.
[2024-02-01 21:54:48] [error] [/ctrl/pages/admin] [error] 'Mb_paneladmin' component class not declared.
.
[2024-02-01 21:54:50] [error] [/ctrl/pages/admin] [error] 'Mb_paneladmin' component class not declared.
.
[2024-02-01 21:54:50] [error] [/ctrl/pages/admin] [error] 'Mb_paneladmin' component class not declared.
.
[2024-02-01 21:54:50] [error] [/ctrl/pages/admin] [error] 'Mb_paneladmin' component class not declared.
.
[2024-02-01 21:54:52] [error] [/ctrl/pages/admin] [error] 'Mb_paneladmin' component class not declared.
.
[2024-02-01 21:54:52] [error] [/ctrl/pages/admin] [error] 'Mb_paneladmin' component class not declared.
.
[2024-02-01 21:54:52] [error] [/ctrl/pages/admin] [error] 'Mb_paneladmin' component class not declared.
.
[2024-02-01 21:54:52] [error] [/ctrl/pages/admin] [error] 'Mb_paneladmin' component class not declared.
.
[2024-02-01 21:54:52] [error] [/ctrl/pages/admin] [error] 'Mb_paneladmin' component class not declared.
.
[2024-02-01 21:54:53] [error] [/ctrl/pages/admin] [error] 'Mb_paneladmin' component class not declared.
.
[2024-02-01 21:54:53] [error] [/ctrl/pages/admin] [error] 'Mb_paneladmin' component class not declared.
.
[2024-02-01 21:54:53] [error] [/ctrl/pages/admin] [error] 'Mb_paneladmin' component class not declared.
.
[2024-02-01 21:55:35] [error] [/ctrl/pages/admin] [error] 'Mb_paneladmin' component class not declared.
.
[2024-02-01 21:56:12] [error] [/ctrl/pages/admin] [error] 'Mb_paneladmin' component class not declared.
.
[2024-02-01 21:56:42] [error] [/ctrl/pages/admin] [error] 'Mb_paneladmin' component class not declared.
.
[2024-02-02 16:24:24] [error] [/ctrl/pages/admin] [error] 'Mb_paneladmin' component class not declared.
.
[2024-02-02 16:49:08] [error] [/ctrl/pages/admin] [error] 'Mb_paneladmin' component class not declared.
.
[2024-02-02 20:34:33] [error] [/ctrl/pages/admin] [error] 'Mb_paneladmin' component class not declared.
.
[2024-02-02 21:08:02] [error] [/ctrl/pages/admin] [error] 'Mb_paneladmin' component class not declared.
.
[2024-02-02 21:10:11] [error] [/ctrl/pages/admin/profile] [error] 'Mb_paneladmin' component class not declared.
.
[2024-02-02 21:51:38] [error] [/ctrl/pages/admin] [error] 'Mb_paneladmin' component class not declared.
.
[2024-02-03 12:25:56] [error] [/ctrl/pages/admin] [error] 'Mb_paneladmin' component class not declared.
.
[2024-02-03 12:26:26] [error] [/ctrl/pages/admin] [error] 'Mb_paneladmin' component class not declared.
.
[2024-02-03 12:26:28] [error] [/ctrl/pages/admin] [error] 'Mb_paneladmin' component class not declared.
.
[2024-02-03 12:26:29] [error] [/ctrl/pages/admin] [error] 'Mb_paneladmin' component class not declared.
.
[2024-02-04 11:07:52] [error] [/ctrl/pages/login/createaccount] [error] '/login/createaccount' page not found in routes file.
.
[2024-02-04 11:07:52] [error] [/ctrl/pages.js/login/createaccount] /login/createaccount' page not found in routes file.
.
[2024-02-04 11:07:54] [error] [/ctrl/pages/login/createaccount] [error] '/login/createaccount' page not found in routes file.
.
[2024-02-04 11:07:54] [error] [/ctrl/pages.js/login/createaccount] /login/createaccount' page not found in routes file.
.
[2024-02-04 11:07:57] [error] [/ctrl/pages/login] [error] '/login' page not found in routes file.
.
[2024-02-04 11:07:58] [error] [/ctrl/pages.js/login] /login' page not found in routes file.
.
[2024-02-04 12:00:48] [error] [/ctrl/pages/login] [error] '/login' page not found in routes file.
.
[2024-02-04 12:00:48] [error] [/ctrl/pages.js/login] /login' page not found in routes file.
.
[2024-02-05 16:07:57] [error] [/ctrl] [2024-02-05 16:07:57] [127.0.0.1] [error] The '' controller does not exist..
.
[2024-02-05 16:14:32] [error] [/ctrl] [2024-02-05 16:14:32] [127.0.0.1] [error] The '' controller does not exist..
.
[2024-02-05 16:46:19] [error] [/ctrl/pages] [2024-02-05 16:46:19] [127.0.0.1] [error] Controller not found.
.
[2024-02-05 16:46:25] [error] [/ctrl/pages/] [2024-02-05 16:46:25] [127.0.0.1] [error] Controller not found.
.
